#
# There is insufficient memory for the Java Runtime Environment to continue.
# Native memory allocation (malloc) failed to allocate 1048576 bytes for AllocateHeap
# Possible reasons:
#   The system is out of physical RAM or swap space
#   The process is running with CompressedOops enabled, and the Java Heap may be blocking the growth of the native heap
# Possible solutions:
#   Reduce memory load on the system
#   Increase physical memory or swap space
#   Check if swap backing store is full
#   Decrease Java heap size (-Xmx/-Xms)
#   Decrease number of Java threads
#   Decrease Java thread stack sizes (-Xss)
#   Set larger code cache with -XX:ReservedCodeCacheSize=
#   JVM is running with Unscaled Compressed Oops mode in which the Java heap is
#     placed in the first 4GB address space. The Java Heap base address is the
#     maximum limit for the native heap growth. Please use -XX:HeapBaseMinAddress
#     to set the Java Heap base and to place the Java Heap above 4GB virtual address.
# This output file may be truncated or incomplete.
#
#  Out of Memory Error (allocation.cpp:44), pid=12364, tid=22088
#
# JRE version: OpenJDK Runtime Environment Temurin-17.0.3+7 (17.0.3+7) (build 17.0.3+7)
# Java VM: OpenJDK 64-Bit Server VM Temurin-17.0.3+7 (17.0.3+7, mixed mode, emulated-client, tiered, compressed oops, compressed class ptrs, g1 gc, windows-amd64)
# No core dump will be written. Minidumps are not enabled by default on client versions of Windows
#

---------------  S U M M A R Y ------------

Command Line: -Dsts.lsp.client=vscode -Dsts.log.file=/dev/null -XX:TieredStopAtLevel=1 -Dspring.config.location=file:c:\Users\dell\.vscode\extensions\pivotal.vscode-spring-boot-1.33.0\language-server\BOOT-INF\classes\application.properties org.springframework.ide.vscode.boot.app.BootLanguageServerBootApp

Host: Intel(R) Core(TM) i5-7200U CPU @ 2.50GHz, 4 cores, 7G,  Windows 10 , 64 bit Build 19041 (10.0.19041.1706)
Time: Fri Jun 10 17:06:28 2022 Hora oficial do Brasil elapsed time: 2178.582956 seconds (0d 0h 36m 18s)

---------------  T H R E A D  ---------------

Current thread (0x000002136f5a4810):  VMThread "VM Thread" [stack: 0x00000049a1800000,0x00000049a1900000] [id=22088]

Stack: [0x00000049a1800000,0x00000049a1900000]
Native frames: (J=compiled Java code, j=interpreted, Vv=VM code, C=native code)
V  [jvm.dll+0x675efa]
V  [jvm.dll+0x830a24]
V  [jvm.dll+0x8321ce]
V  [jvm.dll+0x832833]
V  [jvm.dll+0x2454b5]
V  [jvm.dll+0xa6393]
V  [jvm.dll+0x2f55c3]
V  [jvm.dll+0x2f12d0]
V  [jvm.dll+0x2d99b7]
V  [jvm.dll+0x31cac7]
V  [jvm.dll+0x836cdb]
V  [jvm.dll+0x837a14]
V  [jvm.dll+0x837f2c]
V  [jvm.dll+0x838304]
V  [jvm.dll+0x8383d0]
V  [jvm.dll+0x7e0cfa]
V  [jvm.dll+0x674d85]
C  [ucrtbase.dll+0x21bb2]
C  [KERNEL32.DLL+0x17034]
C  [ntdll.dll+0x52651]

VM_Operation (0x00000049a29fef20): G1CollectFull, mode: safepoint, requested by thread 0x0000021372673020


---------------  P R O C E S S  ---------------

Threads class SMR info:
_java_thread_list=0x00000213708c8e30, length=18, elements={
0x000002136f5a7ea0, 0x000002136f5a8d10, 0x000002137003c560, 0x000002137003f2e0,
0x0000021370025240, 0x0000021370025b00, 0x00000213700263c0, 0x0000021370027cd0,
0x0000021370187b90, 0x0000021370190af0, 0x0000021372673020, 0x0000021372525870,
0x0000021362af7790, 0x0000021372495e80, 0x00000213702fd5c0, 0x00000213727b7030,
0x00000213727e09d0, 0x00000213727d8e90
}

Java Threads: ( => current thread )
  0x000002136f5a7ea0 JavaThread "Reference Handler" daemon [_thread_blocked, id=27600, stack(0x00000049a1900000,0x00000049a1a00000)]
  0x000002136f5a8d10 JavaThread "Finalizer" daemon [_thread_blocked, id=41744, stack(0x00000049a1a00000,0x00000049a1b00000)]
  0x000002137003c560 JavaThread "Signal Dispatcher" daemon [_thread_blocked, id=7884, stack(0x00000049a1b00000,0x00000049a1c00000)]
  0x000002137003f2e0 JavaThread "Attach Listener" daemon [_thread_blocked, id=21336, stack(0x00000049a1c00000,0x00000049a1d00000)]
  0x0000021370025240 JavaThread "Service Thread" daemon [_thread_blocked, id=18992, stack(0x00000049a1d00000,0x00000049a1e00000)]
  0x0000021370025b00 JavaThread "Monitor Deflation Thread" daemon [_thread_blocked, id=4372, stack(0x00000049a1e00000,0x00000049a1f00000)]
  0x00000213700263c0 JavaThread "C1 CompilerThread0" daemon [_thread_blocked, id=20300, stack(0x00000049a1f00000,0x00000049a2000000)]
  0x0000021370027cd0 JavaThread "Sweeper thread" daemon [_thread_blocked, id=21884, stack(0x00000049a2000000,0x00000049a2100000)]
  0x0000021370187b90 JavaThread "Notification Thread" daemon [_thread_blocked, id=41872, stack(0x00000049a2100000,0x00000049a2200000)]
  0x0000021370190af0 JavaThread "Common-Cleaner" daemon [_thread_blocked, id=3400, stack(0x00000049a2300000,0x00000049a2400000)]
  0x0000021372673020 JavaThread "pool-7-thread-1" [_thread_blocked, id=22680, stack(0x00000049a2900000,0x00000049a2a00000)]
  0x0000021372525870 JavaThread "LanguageServerApp-lifecycle" [_thread_blocked, id=33692, stack(0x00000049a2a00000,0x00000049a2b00000)]
  0x0000021362af7790 JavaThread "DestroyJavaVM" [_thread_blocked, id=10688, stack(0x00000049a1200000,0x00000049a1300000)]
  0x0000021372495e80 JavaThread "pool-8-thread-1" [_thread_in_native, id=42280, stack(0x00000049a2b00000,0x00000049a2c00000)]
  0x00000213702fd5c0 JavaThread "Simple-Language-Server main thread" daemon [_thread_blocked, id=16072, stack(0x00000049a2c00000,0x00000049a2d00000)]
  0x00000213727b7030 JavaThread "pool-5-thread-1" [_thread_blocked, id=22884, stack(0x00000049a2d00000,0x00000049a2e00000)]
  0x00000213727e09d0 JavaThread "Reconciler-1" [_thread_blocked, id=13596, stack(0x00000049a2e00000,0x00000049a2f00000)]
  0x00000213727d8e90 JavaThread "parallel-1" daemon [_thread_blocked, id=6804, stack(0x00000049a2f00000,0x00000049a3000000)]

Other Threads:
=>0x000002136f5a4810 VMThread "VM Thread" [stack: 0x00000049a1800000,0x00000049a1900000] [id=22088]
  0x0000021370188060 WatcherThread [stack: 0x00000049a2200000,0x00000049a2300000] [id=12320]
  0x0000021362b57440 GCTaskThread "GC Thread#0" [stack: 0x00000049a1300000,0x00000049a1400000] [id=25456]
  0x0000021370846d50 GCTaskThread "GC Thread#1" [stack: 0x00000049a2500000,0x00000049a2600000] [id=16468]
  0x0000021370847000 GCTaskThread "GC Thread#2" [stack: 0x00000049a2600000,0x00000049a2700000] [id=10420]
  0x000002137088ad10 GCTaskThread "GC Thread#3" [stack: 0x00000049a2700000,0x00000049a2800000] [id=30736]
  0x0000021362b67fc0 ConcurrentGCThread "G1 Main Marker" [stack: 0x00000049a1400000,0x00000049a1500000] [id=38084]
  0x0000021362b69170 ConcurrentGCThread "G1 Conc#0" [stack: 0x00000049a1500000,0x00000049a1600000] [id=22252]
  0x000002136f3fb940 ConcurrentGCThread "G1 Refine#0" [stack: 0x00000049a1600000,0x00000049a1700000] [id=11468]
  0x000002136f3fd180 ConcurrentGCThread "G1 Service" [stack: 0x00000049a1700000,0x00000049a1800000] [id=1764]

Threads with active compile tasks:

VM state: at safepoint (normal execution)

VM Mutex/Monitor currently owned by a thread:  ([mutex/lock_event])
[0x00000213608ca1a0] Threads_lock - owner thread: 0x000002136f5a4810
[0x0000021362af5640] Heap_lock - owner thread: 0x0000021372673020

Heap address: 0x0000000081e00000, size: 2018 MB, Compressed Oops mode: 32-bit

CDS archive(s) not mapped
Compressed class space mapped at: 0x0000000100000000-0x0000000140000000, reserved size: 1073741824
Narrow klass base: 0x0000000000000000, Narrow klass shift: 3, Narrow klass range: 0x140000000

GC Precious Log:
 CPUs: 4 total, 4 available
 Memory: 8066M
 Large Page Support: Disabled
 NUMA Support: Disabled
 Compressed Oops: Enabled (32-bit)
 Heap Region Size: 1M
 Heap Min Capacity: 8M
 Heap Initial Capacity: 128M
 Heap Max Capacity: 2018M
 Pre-touch: Disabled
 Parallel Workers: 4
 Concurrent Workers: 1
 Concurrent Refinement Workers: 4
 Periodic GC: Disabled

Heap:
 garbage-first heap   total 37888K, used 10187K [0x0000000081e00000, 0x0000000100000000)
  region size 1024K, 1 young (1024K), 0 survivors (0K)
 Metaspace       used 29150K, committed 29376K, reserved 1081344K
  class space    used 3925K, committed 4032K, reserved 1048576K

Heap Regions: E=young(eden), S=young(survivor), O=old, HS=humongous(starts), HC=humongous(continues), CS=collection set, F=free, OA=open archive, CA=closed archive, TAMS=top-at-mark-start (previous, next)
|   0|0x0000000081e00000, 0x0000000081effc18, 0x0000000081f00000| 99%| O|  |TAMS 0x0000000081effc18, 0x0000000081e00000| Untracked 
|   1|0x0000000081f00000, 0x0000000081ffffe8, 0x0000000082000000| 99%| O|  |TAMS 0x0000000081ffffe8, 0x0000000081f00000| Untracked 
|   2|0x0000000082000000, 0x0000000082100000, 0x0000000082100000|100%| O|  |TAMS 0x0000000082100000, 0x0000000082000000| Untracked 
|   3|0x0000000082100000, 0x00000000821fffb8, 0x0000000082200000| 99%| O|  |TAMS 0x00000000821fffb8, 0x0000000082100000| Untracked 
|   4|0x0000000082200000, 0x00000000822ffff0, 0x0000000082300000| 99%| O|  |TAMS 0x00000000822ffff0, 0x0000000082200000| Untracked 
|   5|0x0000000082300000, 0x00000000823fffe8, 0x0000000082400000| 99%| O|  |TAMS 0x00000000823fffe8, 0x0000000082300000| Untracked 
|   6|0x0000000082400000, 0x00000000824fffe8, 0x0000000082500000| 99%| O|  |TAMS 0x00000000824fffe8, 0x0000000082400000| Untracked 
|   7|0x0000000082500000, 0x00000000825fffd8, 0x0000000082600000| 99%| O|  |TAMS 0x00000000825fffd8, 0x0000000082500000| Untracked 
|   8|0x0000000082600000, 0x00000000826a9b38, 0x0000000082700000| 66%| O|  |TAMS 0x0000000082600000, 0x0000000082600000| Untracked 
|   9|0x0000000082700000, 0x00000000827fffe0, 0x0000000082800000| 99%| O|  |TAMS 0x00000000827fffe0, 0x0000000082700000| Untracked 
|  10|0x0000000082800000, 0x0000000082849748, 0x0000000082900000| 28%| O|  |TAMS 0x0000000082800000, 0x0000000082800000| Untracked 
|  11|0x0000000082900000, 0x0000000082900000, 0x0000000082a00000|  0%| F|  |TAMS 0x0000000082900000, 0x0000000082900000| Untracked 
|  12|0x0000000082a00000, 0x0000000082a00000, 0x0000000082b00000|  0%| F|  |TAMS 0x0000000082a00000, 0x0000000082a00000| Untracked 
|  13|0x0000000082b00000, 0x0000000082b00000, 0x0000000082c00000|  0%| F|  |TAMS 0x0000000082b00000, 0x0000000082b00000| Untracked 
|  14|0x0000000082c00000, 0x0000000082c00000, 0x0000000082d00000|  0%| F|  |TAMS 0x0000000082c00000, 0x0000000082c00000| Untracked 
|  15|0x0000000082d00000, 0x0000000082d00000, 0x0000000082e00000|  0%| F|  |TAMS 0x0000000082d00000, 0x0000000082d00000| Untracked 
|  16|0x0000000082e00000, 0x0000000082e00000, 0x0000000082f00000|  0%| F|  |TAMS 0x0000000082e00000, 0x0000000082e00000| Untracked 
|  17|0x0000000082f00000, 0x0000000082f00000, 0x0000000083000000|  0%| F|  |TAMS 0x0000000082f00000, 0x0000000082f00000| Untracked 
|  18|0x0000000083000000, 0x0000000083000000, 0x0000000083100000|  0%| F|  |TAMS 0x0000000083000000, 0x0000000083000000| Untracked 
|  19|0x0000000083100000, 0x0000000083100000, 0x0000000083200000|  0%| F|  |TAMS 0x0000000083100000, 0x0000000083100000| Untracked 
|  20|0x0000000083200000, 0x0000000083200000, 0x0000000083300000|  0%| F|  |TAMS 0x0000000083200000, 0x0000000083200000| Untracked 
|  21|0x0000000083300000, 0x0000000083300000, 0x0000000083400000|  0%| F|  |TAMS 0x0000000083300000, 0x0000000083300000| Untracked 
|  22|0x0000000083400000, 0x0000000083400000, 0x0000000083500000|  0%| F|  |TAMS 0x0000000083400000, 0x0000000083400000| Untracked 
|  23|0x0000000083500000, 0x0000000083500000, 0x0000000083600000|  0%| F|  |TAMS 0x0000000083500000, 0x0000000083500000| Untracked 
|  24|0x0000000083600000, 0x0000000083600000, 0x0000000083700000|  0%| F|  |TAMS 0x0000000083600000, 0x0000000083600000| Untracked 
|  25|0x0000000083700000, 0x0000000083700000, 0x0000000083800000|  0%| F|  |TAMS 0x0000000083700000, 0x0000000083700000| Untracked 
|  26|0x0000000083800000, 0x0000000083800000, 0x0000000083900000|  0%| F|  |TAMS 0x0000000083800000, 0x0000000083800000| Untracked 
|  27|0x0000000083900000, 0x0000000083900000, 0x0000000083a00000|  0%| F|  |TAMS 0x0000000083900000, 0x0000000083900000| Untracked 
|  28|0x0000000083a00000, 0x0000000083a00000, 0x0000000083b00000|  0%| F|  |TAMS 0x0000000083a00000, 0x0000000083a00000| Untracked 
|  29|0x0000000083b00000, 0x0000000083b00000, 0x0000000083c00000|  0%| F|  |TAMS 0x0000000083b00000, 0x0000000083b00000| Untracked 
|  30|0x0000000083c00000, 0x0000000083c00000, 0x0000000083d00000|  0%| F|  |TAMS 0x0000000083c00000, 0x0000000083c00000| Untracked 
|  31|0x0000000083d00000, 0x0000000083d00000, 0x0000000083e00000|  0%| F|  |TAMS 0x0000000083d00000, 0x0000000083d00000| Untracked 
|  32|0x0000000083e00000, 0x0000000083e00000, 0x0000000083f00000|  0%| F|  |TAMS 0x0000000083e00000, 0x0000000083e00000| Untracked 
|  33|0x0000000083f00000, 0x0000000083f00000, 0x0000000084000000|  0%| F|  |TAMS 0x0000000083f00000, 0x0000000083f00000| Untracked 
|  34|0x0000000084000000, 0x0000000084000000, 0x0000000084100000|  0%| F|  |TAMS 0x0000000084000000, 0x0000000084000000| Untracked 
| 111|0x0000000088d00000, 0x0000000088d00000, 0x0000000088e00000|  0%| F|  |TAMS 0x0000000088d00000, 0x0000000088d00000| Untracked 
| 112|0x0000000088e00000, 0x0000000088e099b0, 0x0000000088f00000|  3%| E|  |TAMS 0x0000000088e00000, 0x0000000088e00000| Complete 

Card table byte_map: [0x0000021368b80000,0x0000021368f80000] _byte_map_base: 0x0000021368771000

Marking Bits (Prev, Next): (CMBitMap*) 0x0000021362b57a90, (CMBitMap*) 0x0000021362b57a50
 Prev Bits: [0x000002136b310000, 0x000002136d298000)
 Next Bits: [0x0000021369380000, 0x000002136b308000)

Polling page: 0x0000021360870000

Metaspace:

Usage:
  Non-class:     24.63 MB used.
      Class:      3.83 MB used.
       Both:     28.47 MB used.

Virtual space:
  Non-class space:       32.00 MB reserved,      24.75 MB ( 77%) committed,  4 nodes.
      Class space:        1.00 GB reserved,       3.94 MB ( <1%) committed,  1 nodes.
             Both:        1.03 GB reserved,      28.69 MB (  3%) committed. 

Chunk freelists:
   Non-Class:  2.52 MB
       Class:  22.00 KB
        Both:  2.54 MB

MaxMetaspaceSize: unlimited
CompressedClassSpaceSize: 1.00 GB
Initial GC threshold: 21.00 MB
Current GC threshold: 47.75 MB
CDS: off
MetaspaceReclaimPolicy: balanced
 - commit_granule_bytes: 65536.
 - commit_granule_words: 8192.
 - virtual_space_node_default_size: 1048576.
 - enlarge_chunks_in_place: 1.
 - new_chunks_are_fully_committed: 0.
 - uncommit_free_chunks: 1.
 - use_allocation_guard: 0.
 - handle_deallocations: 1.


Internal statistics:

num_allocs_failed_limit: 3.
num_arena_births: 346.
num_arena_deaths: 92.
num_vsnodes_births: 5.
num_vsnodes_deaths: 0.
num_space_committed: 459.
num_space_uncommitted: 0.
num_chunks_returned_to_freelist: 103.
num_chunks_taken_from_freelist: 1183.
num_chunk_merges: 34.
num_chunk_splits: 734.
num_chunks_enlarged: 536.
num_purges: 4.
num_inconsistent_stats: 0.

CodeCache: size=49152Kb used=6267Kb max_used=6735Kb free=42884Kb
 bounds [0x0000021365780000, 0x0000021365e20000, 0x0000021368780000]
 total_blobs=3827 nmethods=3334 adapters=420
 compilation: enabled
              stopped_count=0, restarted_count=0
 full_count=0

Compilation events (20 events):
Event: 2013.871 Thread 0x00000213700263c0 3329   !   1       java.util.concurrent.ScheduledThreadPoolExecutor$DelayedWorkQueue::take (203 bytes)
Event: 2013.888 Thread 0x00000213700263c0 nmethod 3329 0x00000213659efb10 code [0x00000213659efde0, 0x00000213659f0828]
Event: 2013.888 Thread 0x00000213700263c0 3328       1       java.util.concurrent.ScheduledThreadPoolExecutor$DelayedWorkQueue::take (5 bytes)
Event: 2013.888 Thread 0x00000213700263c0 nmethod 3328 0x00000213659ef810 code [0x00000213659ef9a0, 0x00000213659efa88]
Event: 2034.386 Thread 0x00000213700263c0 3330       1       java.util.concurrent.ScheduledThreadPoolExecutor::triggerTime (22 bytes)
Event: 2034.386 Thread 0x00000213700263c0 nmethod 3330 0x00000213659ef490 code [0x00000213659ef620, 0x00000213659ef748]
Event: 2034.386 Thread 0x00000213700263c0 3331       1       java.util.concurrent.ScheduledThreadPoolExecutor$DelayedWorkQueue::add (9 bytes)
Event: 2034.387 Thread 0x00000213700263c0 nmethod 3331 0x00000213659ef110 code [0x00000213659ef2a0, 0x00000213659ef3c8]
Event: 2034.387 Thread 0x00000213700263c0 3332       1       java.util.concurrent.ScheduledThreadPoolExecutor$DelayedWorkQueue::add (6 bytes)
Event: 2034.387 Thread 0x00000213700263c0 nmethod 3332 0x00000213659eee10 code [0x00000213659eefa0, 0x00000213659ef088]
Event: 2034.387 Thread 0x00000213700263c0 3333   !   1       java.util.concurrent.ScheduledThreadPoolExecutor$DelayedWorkQueue::offer (123 bytes)
Event: 2034.390 Thread 0x00000213700263c0 nmethod 3333 0x00000213659edb90 code [0x00000213659ede00, 0x00000213659ee688]
Event: 2034.390 Thread 0x00000213700263c0 3334       1       java.util.concurrent.ThreadPoolExecutor::ensurePrestart (41 bytes)
Event: 2034.393 Thread 0x00000213700263c0 nmethod 3334 0x00000213659ed790 code [0x00000213659ed940, 0x00000213659edab8]
Event: 2054.889 Thread 0x00000213700263c0 3335       1       java.util.concurrent.ScheduledThreadPoolExecutor$DelayedWorkQueue::finishPoll (43 bytes)
Event: 2054.889 Thread 0x00000213700263c0 nmethod 3335 0x00000213659ed290 code [0x00000213659ed440, 0x00000213659ed628]
Event: 2054.889 Thread 0x00000213700263c0 3336       1       java.util.concurrent.ScheduledThreadPoolExecutor$ScheduledFutureTask::run (57 bytes)
Event: 2054.917 Thread 0x00000213700263c0 nmethod 3336 0x00000213659ecd10 code [0x00000213659ecf00, 0x00000213659ed138]
Event: 2054.917 Thread 0x00000213700263c0 3337       1       java.util.concurrent.ScheduledThreadPoolExecutor$ScheduledFutureTask::isPeriodic (15 bytes)
Event: 2054.918 Thread 0x00000213700263c0 nmethod 3337 0x00000213659eca10 code [0x00000213659ecba0, 0x00000213659ecc98]

GC Heap History (20 events):
Event: 2065.662 GC heap before
{Heap before GC invocations=181 (full 174):
 garbage-first heap   total 37888K, used 10187K [0x0000000081e00000, 0x0000000100000000)
  region size 1024K, 1 young (1024K), 0 survivors (0K)
 Metaspace       used 29149K, committed 29376K, reserved 1081344K
  class space    used 3925K, committed 4032K, reserved 1048576K
}
Event: 2065.685 GC heap after
{Heap after GC invocations=182 (full 175):
 garbage-first heap   total 37888K, used 10187K [0x0000000081e00000, 0x0000000100000000)
  region size 1024K, 0 young (0K), 0 survivors (0K)
 Metaspace       used 29149K, committed 29376K, reserved 1081344K
  class space    used 3925K, committed 4032K, reserved 1048576K
}
Event: 2075.935 GC heap before
{Heap before GC invocations=182 (full 175):
 garbage-first heap   total 37888K, used 10187K [0x0000000081e00000, 0x0000000100000000)
  region size 1024K, 1 young (1024K), 0 survivors (0K)
 Metaspace       used 29149K, committed 29376K, reserved 1081344K
  class space    used 3925K, committed 4032K, reserved 1048576K
}
Event: 2075.956 GC heap after
{Heap after GC invocations=183 (full 176):
 garbage-first heap   total 37888K, used 10187K [0x0000000081e00000, 0x0000000100000000)
  region size 1024K, 0 young (0K), 0 survivors (0K)
 Metaspace       used 29149K, committed 29376K, reserved 1081344K
  class space    used 3925K, committed 4032K, reserved 1048576K
}
Event: 2086.231 GC heap before
{Heap before GC invocations=183 (full 176):
 garbage-first heap   total 37888K, used 10187K [0x0000000081e00000, 0x0000000100000000)
  region size 1024K, 1 young (1024K), 0 survivors (0K)
 Metaspace       used 29149K, committed 29376K, reserved 1081344K
  class space    used 3925K, committed 4032K, reserved 1048576K
}
Event: 2086.255 GC heap after
{Heap after GC invocations=184 (full 177):
 garbage-first heap   total 37888K, used 10187K [0x0000000081e00000, 0x0000000100000000)
  region size 1024K, 0 young (0K), 0 survivors (0K)
 Metaspace       used 29149K, committed 29376K, reserved 1081344K
  class space    used 3925K, committed 4032K, reserved 1048576K
}
Event: 2096.514 GC heap before
{Heap before GC invocations=184 (full 177):
 garbage-first heap   total 37888K, used 10187K [0x0000000081e00000, 0x0000000100000000)
  region size 1024K, 1 young (1024K), 0 survivors (0K)
 Metaspace       used 29149K, committed 29376K, reserved 1081344K
  class space    used 3925K, committed 4032K, reserved 1048576K
}
Event: 2096.537 GC heap after
{Heap after GC invocations=185 (full 178):
 garbage-first heap   total 37888K, used 10187K [0x0000000081e00000, 0x0000000100000000)
  region size 1024K, 0 young (0K), 0 survivors (0K)
 Metaspace       used 29149K, committed 29376K, reserved 1081344K
  class space    used 3925K, committed 4032K, reserved 1048576K
}
Event: 2106.769 GC heap before
{Heap before GC invocations=185 (full 178):
 garbage-first heap   total 37888K, used 10187K [0x0000000081e00000, 0x0000000100000000)
  region size 1024K, 1 young (1024K), 0 survivors (0K)
 Metaspace       used 29149K, committed 29376K, reserved 1081344K
  class space    used 3925K, committed 4032K, reserved 1048576K
}
Event: 2106.792 GC heap after
{Heap after GC invocations=186 (full 179):
 garbage-first heap   total 37888K, used 10187K [0x0000000081e00000, 0x0000000100000000)
  region size 1024K, 0 young (0K), 0 survivors (0K)
 Metaspace       used 29149K, committed 29376K, reserved 1081344K
  class space    used 3925K, committed 4032K, reserved 1048576K
}
Event: 2117.033 GC heap before
{Heap before GC invocations=186 (full 179):
 garbage-first heap   total 37888K, used 10187K [0x0000000081e00000, 0x0000000100000000)
  region size 1024K, 1 young (1024K), 0 survivors (0K)
 Metaspace       used 29149K, committed 29376K, reserved 1081344K
  class space    used 3925K, committed 4032K, reserved 1048576K
}
Event: 2117.056 GC heap after
{Heap after GC invocations=187 (full 180):
 garbage-first heap   total 37888K, used 10187K [0x0000000081e00000, 0x0000000100000000)
  region size 1024K, 0 young (0K), 0 survivors (0K)
 Metaspace       used 29149K, committed 29376K, reserved 1081344K
  class space    used 3925K, committed 4032K, reserved 1048576K
}
Event: 2127.290 GC heap before
{Heap before GC invocations=187 (full 180):
 garbage-first heap   total 37888K, used 10187K [0x0000000081e00000, 0x0000000100000000)
  region size 1024K, 1 young (1024K), 0 survivors (0K)
 Metaspace       used 29149K, committed 29376K, reserved 1081344K
  class space    used 3925K, committed 4032K, reserved 1048576K
}
Event: 2127.313 GC heap after
{Heap after GC invocations=188 (full 181):
 garbage-first heap   total 37888K, used 10187K [0x0000000081e00000, 0x0000000100000000)
  region size 1024K, 0 young (0K), 0 survivors (0K)
 Metaspace       used 29149K, committed 29376K, reserved 1081344K
  class space    used 3925K, committed 4032K, reserved 1048576K
}
Event: 2137.558 GC heap before
{Heap before GC invocations=188 (full 181):
 garbage-first heap   total 37888K, used 10187K [0x0000000081e00000, 0x0000000100000000)
  region size 1024K, 1 young (1024K), 0 survivors (0K)
 Metaspace       used 29149K, committed 29376K, reserved 1081344K
  class space    used 3925K, committed 4032K, reserved 1048576K
}
Event: 2137.581 GC heap after
{Heap after GC invocations=189 (full 182):
 garbage-first heap   total 37888K, used 10187K [0x0000000081e00000, 0x0000000100000000)
  region size 1024K, 0 young (0K), 0 survivors (0K)
 Metaspace       used 29149K, committed 29376K, reserved 1081344K
  class space    used 3925K, committed 4032K, reserved 1048576K
}
Event: 2147.836 GC heap before
{Heap before GC invocations=189 (full 182):
 garbage-first heap   total 37888K, used 10187K [0x0000000081e00000, 0x0000000100000000)
  region size 1024K, 1 young (1024K), 0 survivors (0K)
 Metaspace       used 29149K, committed 29376K, reserved 1081344K
  class space    used 3925K, committed 4032K, reserved 1048576K
}
Event: 2147.860 GC heap after
{Heap after GC invocations=190 (full 183):
 garbage-first heap   total 37888K, used 10187K [0x0000000081e00000, 0x0000000100000000)
  region size 1024K, 0 young (0K), 0 survivors (0K)
 Metaspace       used 29149K, committed 29376K, reserved 1081344K
  class space    used 3925K, committed 4032K, reserved 1048576K
}
Event: 2158.120 GC heap before
{Heap before GC invocations=190 (full 183):
 garbage-first heap   total 37888K, used 10187K [0x0000000081e00000, 0x0000000100000000)
  region size 1024K, 1 young (1024K), 0 survivors (0K)
 Metaspace       used 29149K, committed 29376K, reserved 1081344K
  class space    used 3925K, committed 4032K, reserved 1048576K
}
Event: 2158.143 GC heap after
{Heap after GC invocations=191 (full 184):
 garbage-first heap   total 37888K, used 10187K [0x0000000081e00000, 0x0000000100000000)
  region size 1024K, 0 young (0K), 0 survivors (0K)
 Metaspace       used 29149K, committed 29376K, reserved 1081344K
  class space    used 3925K, committed 4032K, reserved 1048576K
}

Deoptimization events (14 events):
Event: 18.064 Thread 0x0000021362af7790 DEOPT PACKING pc=0x0000021365aef175 sp=0x00000049a12fd730
Event: 18.064 Thread 0x0000021362af7790 DEOPT UNPACKING pc=0x00000213657d2b43 sp=0x00000049a12fcba0 mode 3
Event: 20.703 Thread 0x0000021362af7790 DEOPT PACKING pc=0x0000021365bf5f19 sp=0x00000049a12fcfa0
Event: 20.703 Thread 0x0000021362af7790 DEOPT UNPACKING pc=0x00000213657d2b43 sp=0x00000049a12fc480 mode 3
Event: 21.771 Thread 0x0000021362af7790 DEOPT PACKING pc=0x0000021365cbfaf5 sp=0x00000049a12fcc70
Event: 21.771 Thread 0x0000021362af7790 DEOPT UNPACKING pc=0x00000213657d2b43 sp=0x00000049a12fc0e0 mode 3
Event: 24.038 Thread 0x00000213702fd5c0 DEOPT PACKING pc=0x0000021365dfa135 sp=0x00000049a2cfdb60
Event: 24.038 Thread 0x00000213702fd5c0 DEOPT UNPACKING pc=0x00000213657d2b43 sp=0x00000049a2cfd088 mode 3
Event: 24.083 Thread 0x0000021372495e80 DEOPT PACKING pc=0x0000021365c0a501 sp=0x00000049a2bfde10
Event: 24.083 Thread 0x0000021372495e80 DEOPT UNPACKING pc=0x00000213657d2b43 sp=0x00000049a2bfd2a0 mode 3
Event: 24.089 Thread 0x00000213727b7030 DEOPT PACKING pc=0x0000021365bf8197 sp=0x00000049a2dfeeb0
Event: 24.089 Thread 0x00000213727b7030 DEOPT UNPACKING pc=0x00000213657d2b43 sp=0x00000049a2dfe308 mode 3
Event: 621.256 Thread 0x0000021372495e80 DEOPT PACKING pc=0x0000021365d235d4 sp=0x00000049a2bff010
Event: 621.257 Thread 0x0000021372495e80 DEOPT UNPACKING pc=0x00000213657d2b43 sp=0x00000049a2bfe4b8 mode 0

Classes unloaded (20 events):
Event: 74.228 Thread 0x000002136f5a4810 Unloading class 0x00000001001de400 'java/lang/invoke/LambdaForm$MH+0x00000001001de400'
Event: 74.228 Thread 0x000002136f5a4810 Unloading class 0x00000001001de000 'java/lang/invoke/LambdaForm$MH+0x00000001001de000'
Event: 74.228 Thread 0x000002136f5a4810 Unloading class 0x00000001001ddc00 'java/lang/invoke/LambdaForm$MH+0x00000001001ddc00'
Event: 74.228 Thread 0x000002136f5a4810 Unloading class 0x00000001001dd800 'java/lang/invoke/LambdaForm$MH+0x00000001001dd800'
Event: 74.228 Thread 0x000002136f5a4810 Unloading class 0x00000001001dd000 'java/lang/invoke/LambdaForm$MH+0x00000001001dd000'
Event: 74.228 Thread 0x000002136f5a4810 Unloading class 0x00000001000ca800 'java/lang/invoke/LambdaForm$MH+0x00000001000ca800'
Event: 74.228 Thread 0x000002136f5a4810 Unloading class 0x00000001000ca000 'java/lang/invoke/LambdaForm$MH+0x00000001000ca000'
Event: 74.228 Thread 0x000002136f5a4810 Unloading class 0x00000001000c9c00 'java/lang/invoke/LambdaForm$MH+0x00000001000c9c00'
Event: 74.228 Thread 0x000002136f5a4810 Unloading class 0x00000001000c9800 'java/lang/invoke/LambdaForm$MH+0x00000001000c9800'
Event: 74.228 Thread 0x000002136f5a4810 Unloading class 0x00000001000c9000 'java/lang/invoke/LambdaForm$MH+0x00000001000c9000'
Event: 74.228 Thread 0x000002136f5a4810 Unloading class 0x00000001000c8c00 'java/lang/invoke/LambdaForm$MH+0x00000001000c8c00'
Event: 74.228 Thread 0x000002136f5a4810 Unloading class 0x00000001000c8800 'java/lang/invoke/LambdaForm$MH+0x00000001000c8800'
Event: 74.228 Thread 0x000002136f5a4810 Unloading class 0x00000001000c8000 'java/lang/invoke/LambdaForm$MH+0x00000001000c8000'
Event: 716.218 Thread 0x000002136f5a4810 Unloading class 0x000000010031c000 'java/lang/invoke/LambdaForm$MH+0x000000010031c000'
Event: 716.218 Thread 0x000002136f5a4810 Unloading class 0x00000001003f5400 'java/lang/invoke/LambdaForm$MH+0x00000001003f5400'
Event: 716.218 Thread 0x000002136f5a4810 Unloading class 0x00000001003f5000 'java/lang/invoke/LambdaForm$MH+0x00000001003f5000'
Event: 716.218 Thread 0x000002136f5a4810 Unloading class 0x00000001000c8000 'java/lang/invoke/LambdaForm$MH+0x00000001000c8000'
Event: 716.218 Thread 0x000002136f5a4810 Unloading class 0x00000001002f6400 'java/lang/invoke/LambdaForm$MH+0x00000001002f6400'
Event: 716.218 Thread 0x000002136f5a4810 Unloading class 0x000000010031c800 'java/lang/invoke/LambdaForm$MH+0x000000010031c800'
Event: 716.218 Thread 0x000002136f5a4810 Unloading class 0x00000001003f6400 'java/lang/invoke/LambdaForm$MH+0x00000001003f6400'

Classes redefined (0 events):
No events

Internal exceptions (20 events):
Event: 22.558 Thread 0x0000021362af7790 Exception <a 'java/lang/NoSuchMethodError'{0x0000000083841a40}: 'java.lang.Object java.lang.invoke.DirectMethodHandle$Holder.newInvokeSpecial(java.lang.Object, java.lang.Object, java.lang.Object, int, java.lang.Object)'> (0x0000000083841a40) 
thrown [e:\jenkins\tmp\workspace\build\src\src\hotspot\share\interpreter\linkResolver.cpp, line 766]
Event: 22.561 Thread 0x0000021362af7790 Exception <a 'java/lang/NoSuchMethodError'{0x0000000083855cc8}: 'void java.lang.invoke.DirectMethodHandle$Holder.invokeSpecialIFC(java.lang.Object, java.lang.Object, java.lang.Object)'> (0x0000000083855cc8) 
thrown [e:\jenkins\tmp\workspace\build\src\src\hotspot\share\interpreter\linkResolver.cpp, line 766]
Event: 22.913 Thread 0x0000021362af7790 Exception <a 'java/lang/NoSuchMethodError'{0x0000000089d07e38}: 'void java.lang.invoke.DirectMethodHandle$Holder.invokeVirtual(java.lang.Object, java.lang.Object)'> (0x0000000089d07e38) 
thrown [e:\jenkins\tmp\workspace\build\src\src\hotspot\share\interpreter\linkResolver.cpp, line 766]
Event: 23.133 Thread 0x0000021362af7790 Exception <a 'java/lang/NoSuchMethodError'{0x0000000088fd96a8}: 'int java.lang.invoke.DirectMethodHandle$Holder.invokeSpecial(java.lang.Object, java.lang.Object, java.lang.Object, java.lang.Object, java.lang.Object)'> (0x0000000088fd96a8) 
thrown [e:\jenkins\tmp\workspace\build\src\src\hotspot\share\interpreter\linkResolver.cpp, line 766]
Event: 23.319 Thread 0x0000021362af7790 Exception <a 'java/lang/IncompatibleClassChangeError'{0x000000008400c8f0}: Found class java.lang.Object, but interface was expected> (0x000000008400c8f0) 
thrown [e:\jenkins\tmp\workspace\build\src\src\hotspot\share\interpreter\linkResolver.cpp, line 833]
Event: 23.329 Thread 0x0000021362af7790 Exception <a 'java/lang/NoSuchMethodError'{0x0000000084045340}: 'java.lang.Object java.lang.invoke.DirectMethodHandle$Holder.invokeVirtual(java.lang.Object, java.lang.Object, java.lang.Object, java.lang.Object)'> (0x0000000084045340) 
thrown [e:\jenkins\tmp\workspace\build\src\src\hotspot\share\interpreter\linkResolver.cpp, line 766]
Event: 23.479 Thread 0x0000021362af7790 Exception <a 'java/lang/NoSuchMethodError'{0x0000000083ea3b40}: 'java.lang.Object java.lang.invoke.DirectMethodHandle$Holder.newInvokeSpecial(java.lang.Object, java.lang.Object, int, java.lang.Object, java.lang.Object)'> (0x0000000083ea3b40) 
thrown [e:\jenkins\tmp\workspace\build\src\src\hotspot\share\interpreter\linkResolver.cpp, line 766]
Event: 24.008 Thread 0x0000021372495e80 Exception <a 'java/lang/NoSuchMethodError'{0x0000000089d34dc8}: 'java.lang.Object java.lang.invoke.DirectMethodHandle$Holder.invokeStatic(java.lang.Object, java.lang.Object, java.lang.Object, int, java.lang.Object, java.lang.Object)'> (0x0000000089d34dc8) 
thrown [e:\jenkins\tmp\workspace\build\src\src\hotspot\share\interpreter\linkResolver.cpp, line 766]
Event: 24.028 Thread 0x00000213702fd5c0 Exception <a 'java/lang/NoSuchMethodError'{0x0000000089d8f310}: 'java.lang.Object java.lang.invoke.DirectMethodHandle$Holder.invokeStatic(java.lang.Object, int, java.lang.Object)'> (0x0000000089d8f310) 
thrown [e:\jenkins\tmp\workspace\build\src\src\hotspot\share\interpreter\linkResolver.cpp, line 766]
Event: 24.222 Thread 0x00000213727e09d0 Exception <a 'java/lang/NoSuchMethodError'{0x0000000088d82b88}: 'int java.lang.invoke.DirectMethodHandle$Holder.invokeStatic(java.lang.Object)'> (0x0000000088d82b88) 
thrown [e:\jenkins\tmp\workspace\build\src\src\hotspot\share\interpreter\linkResolver.cpp, line 766]
Event: 24.222 Thread 0x00000213727e09d0 Exception <a 'java/lang/NoSuchMethodError'{0x0000000088d86038}: 'int java.lang.invoke.DirectMethodHandle$Holder.invokeStaticInit(java.lang.Object)'> (0x0000000088d86038) 
thrown [e:\jenkins\tmp\workspace\build\src\src\hotspot\share\interpreter\linkResolver.cpp, line 766]
Event: 24.254 Thread 0x0000021372495e80 Exception <a 'java/lang/NoSuchMethodError'{0x0000000084017418}: 'int java.lang.invoke.DirectMethodHandle$Holder.invokeVirtual(java.lang.Object, java.lang.Object)'> (0x0000000084017418) 
thrown [e:\jenkins\tmp\workspace\build\src\src\hotspot\share\interpreter\linkResolver.cpp, line 766]
Event: 63.551 Thread 0x0000021372673020 Exception <a 'java/lang/NoSuchMethodError'{0x00000000840e0000}: 'void java.lang.invoke.DirectMethodHandle$Holder.invokeStatic(java.lang.Object, long)'> (0x00000000840e0000) 
thrown [e:\jenkins\tmp\workspace\build\src\src\hotspot\share\interpreter\linkResolver.cpp, line 766]
Event: 63.552 Thread 0x0000021372673020 Exception <a 'java/lang/NoSuchMethodError'{0x00000000840e53b8}: 'java.lang.Object java.lang.invoke.DirectMethodHandle$Holder.newInvokeSpecial(java.lang.Object, long)'> (0x00000000840e53b8) 
thrown [e:\jenkins\tmp\workspace\build\src\src\hotspot\share\interpreter\linkResolver.cpp, line 766]
Event: 63.554 Thread 0x0000021372673020 Exception <a 'java/lang/NoSuchMethodError'{0x00000000840ebf60}: 'java.lang.Object java.lang.invoke.DirectMethodHandle$Holder.invokeStatic(java.lang.Object, java.lang.Object, long, java.lang.Object)'> (0x00000000840ebf60) 
thrown [e:\jenkins\tmp\workspace\build\src\src\hotspot\share\interpreter\linkResolver.cpp, line 766]
Event: 63.555 Thread 0x0000021372673020 Exception <a 'java/lang/NoSuchMethodError'{0x00000000840efa20}: 'java.lang.Object java.lang.invoke.DirectMethodHandle$Holder.invokeStaticInit(java.lang.Object, java.lang.Object, long, java.lang.Object)'> (0x00000000840efa20) 
thrown [e:\jenkins\tmp\workspace\build\src\src\hotspot\share\interpreter\linkResolver.cpp, line 766]
Event: 63.555 Thread 0x0000021372673020 Exception <a 'java/lang/NoSuchMethodError'{0x00000000840f5d50}: 'java.lang.Object java.lang.invoke.DirectMethodHandle$Holder.newInvokeSpecial(java.lang.Object, java.lang.Object, long)'> (0x00000000840f5d50) 
thrown [e:\jenkins\tmp\workspace\build\src\src\hotspot\share\interpreter\linkResolver.cpp, line 766]
Event: 63.555 Thread 0x0000021372673020 Exception <a 'java/lang/NoSuchMethodError'{0x00000000840f9900}: 'java.lang.Object java.lang.invoke.Invokers$Holder.linkToTargetMethod(java.lang.Object, long, java.lang.Object)'> (0x00000000840f9900) 
thrown [e:\jenkins\tmp\workspace\build\src\src\hotspot\share\interpreter\linkResolver.cpp, line 766]
Event: 644.050 Thread 0x000002137078aa00 Exception <a 'java/lang/NoSuchMethodError'{0x0000000088d57ed8}: 'java.lang.Object java.lang.invoke.DirectMethodHandle$Holder.invokeSpecial(java.lang.Object, java.lang.Object, int, java.lang.Object, java.lang.Object)'> (0x0000000088d57ed8) 
thrown [e:\jenkins\tmp\workspace\build\src\src\hotspot\share\interpreter\linkResolver.cpp, line 766]
Event: 666.946 Thread 0x0000021372495e80 Exception <a 'java/lang/NoSuchMethodError'{0x0000000083e77fd8}: 'void java.lang.invoke.DirectMethodHandle$Holder.invokeStatic(java.lang.Object, java.lang.Object, java.lang.Object, java.lang.Object, java.lang.Object, java.lang.Object)'> (0x0000000083e77fd8) 
thrown [e:\jenkins\tmp\workspace\build\src\src\hotspot\share\interpreter\linkResolver.cpp, line 766]

VM Operations (20 events):
Event: 2065.685 Executing VM operation: G1CollectFull done
Event: 2075.935 Executing VM operation: G1CollectFull
Event: 2075.957 Executing VM operation: G1CollectFull done
Event: 2086.231 Executing VM operation: G1CollectFull
Event: 2086.256 Executing VM operation: G1CollectFull done
Event: 2096.514 Executing VM operation: G1CollectFull
Event: 2096.537 Executing VM operation: G1CollectFull done
Event: 2106.769 Executing VM operation: G1CollectFull
Event: 2106.792 Executing VM operation: G1CollectFull done
Event: 2117.033 Executing VM operation: G1CollectFull
Event: 2117.056 Executing VM operation: G1CollectFull done
Event: 2127.290 Executing VM operation: G1CollectFull
Event: 2127.313 Executing VM operation: G1CollectFull done
Event: 2137.558 Executing VM operation: G1CollectFull
Event: 2137.581 Executing VM operation: G1CollectFull done
Event: 2147.836 Executing VM operation: G1CollectFull
Event: 2147.860 Executing VM operation: G1CollectFull done
Event: 2158.120 Executing VM operation: G1CollectFull
Event: 2158.143 Executing VM operation: G1CollectFull done
Event: 2178.571 Executing VM operation: G1CollectFull

Events (20 events):
Event: 63.556 loading class java/lang/Process$PipeInputStream done
Event: 63.557 loading class jdk/internal/event/ProcessStartEvent
Event: 63.557 loading class jdk/internal/event/ProcessStartEvent done
Event: 63.834 loading class java/io/FileOutputStream$1
Event: 63.834 loading class java/io/FileOutputStream$1 done
Event: 86.356 Thread 0x00000213708472b0 Thread exited: 0x00000213708472b0
Event: 621.259 Thread 0x000002137078b870 Thread added: 0x000002137078b870
Event: 629.822 Thread 0x000002137078aa00 Thread added: 0x000002137078aa00
Event: 641.964 loading class java/util/logging/LogRecord
Event: 641.965 loading class java/util/logging/LogRecord done
Event: 644.536 Thread 0x0000021370790030 Thread added: 0x0000021370790030
Event: 647.174 Thread 0x0000021370790030 Thread exited: 0x0000021370790030
Event: 666.949 loading class java/util/stream/Nodes$SpinedNodeBuilder
Event: 666.950 loading class java/util/stream/Nodes$SpinedNodeBuilder done
Event: 689.824 Thread 0x000002137078b870 Thread exited: 0x000002137078b870
Event: 727.875 Thread 0x000002137078aa00 Thread exited: 0x000002137078aa00
Event: 1146.187 Thread 0x000002137078c6e0 Thread added: 0x000002137078c6e0
Event: 1206.201 Thread 0x000002137078c6e0 Thread exited: 0x000002137078c6e0
Event: 1790.448 Thread 0x000002137078d080 Thread added: 0x000002137078d080
Event: 1893.877 Thread 0x000002137078d080 Thread exited: 0x000002137078d080


Dynamic libraries:
0x00007ff64aaf0000 - 0x00007ff64aafe000 	c:\Users\dell\.vscode\extensions\redhat.java-1.7.0-win32-x64\jre\17.0.3-win32-x86_64\bin\java.exe
0x00007ffc8b050000 - 0x00007ffc8b245000 	C:\WINDOWS\SYSTEM32\ntdll.dll
0x00007ffc4fa00000 - 0x00007ffc4fa16000 	C:\Program Files\Avast Software\Avast\aswhook.dll
0x00007ffc89bd0000 - 0x00007ffc89c8d000 	C:\WINDOWS\System32\KERNEL32.DLL
0x00007ffc88760000 - 0x00007ffc88a2d000 	C:\WINDOWS\System32\KERNELBASE.dll
0x00007ffc88f40000 - 0x00007ffc89040000 	C:\WINDOWS\System32\ucrtbase.dll
0x00007ffc4f980000 - 0x00007ffc4f998000 	c:\Users\dell\.vscode\extensions\redhat.java-1.7.0-win32-x64\jre\17.0.3-win32-x86_64\bin\jli.dll
0x00007ffc4f3c0000 - 0x00007ffc4f3d9000 	c:\Users\dell\.vscode\extensions\redhat.java-1.7.0-win32-x64\jre\17.0.3-win32-x86_64\bin\VCRUNTIME140.dll
0x00007ffc8abc0000 - 0x00007ffc8ad60000 	C:\WINDOWS\System32\USER32.dll
0x00007ffc89040000 - 0x00007ffc89062000 	C:\WINDOWS\System32\win32u.dll
0x00007ffc89890000 - 0x00007ffc898ba000 	C:\WINDOWS\System32\GDI32.dll
0x00007ffc76600000 - 0x00007ffc7689a000 	C:\WINDOWS\WinSxS\amd64_microsoft.windows.common-controls_6595b64144ccf1df_6.0.19041.1110_none_60b5254171f9507e\COMCTL32.dll
0x00007ffc88c30000 - 0x00007ffc88d3b000 	C:\WINDOWS\System32\gdi32full.dll
0x00007ffc88a30000 - 0x00007ffc88acd000 	C:\WINDOWS\System32\msvcp_win.dll
0x00007ffc89a80000 - 0x00007ffc89b1e000 	C:\WINDOWS\System32\msvcrt.dll
0x00007ffc89360000 - 0x00007ffc89390000 	C:\WINDOWS\System32\IMM32.DLL
0x00007ffc78f20000 - 0x00007ffc78f2c000 	c:\Users\dell\.vscode\extensions\redhat.java-1.7.0-win32-x64\jre\17.0.3-win32-x86_64\bin\vcruntime140_1.dll
0x00007ffc3b930000 - 0x00007ffc3b9c1000 	c:\Users\dell\.vscode\extensions\redhat.java-1.7.0-win32-x64\jre\17.0.3-win32-x86_64\bin\msvcp140.dll
0x00007ffc310e0000 - 0x00007ffc31d28000 	c:\Users\dell\.vscode\extensions\redhat.java-1.7.0-win32-x64\jre\17.0.3-win32-x86_64\bin\server\jvm.dll
0x00007ffc899d0000 - 0x00007ffc89a7e000 	C:\WINDOWS\System32\ADVAPI32.dll
0x00007ffc8a9f0000 - 0x00007ffc8aa8c000 	C:\WINDOWS\System32\sechost.dll
0x00007ffc8aa90000 - 0x00007ffc8abb5000 	C:\WINDOWS\System32\RPCRT4.dll
0x00007ffc898c0000 - 0x00007ffc898c8000 	C:\WINDOWS\System32\PSAPI.DLL
0x00007ffc77920000 - 0x00007ffc77929000 	C:\WINDOWS\SYSTEM32\WSOCK32.dll
0x00007ffc81ce0000 - 0x00007ffc81cea000 	C:\WINDOWS\SYSTEM32\VERSION.dll
0x00007ffc763b0000 - 0x00007ffc763d7000 	C:\WINDOWS\SYSTEM32\WINMM.dll
0x00007ffc89960000 - 0x00007ffc899cb000 	C:\WINDOWS\System32\WS2_32.dll
0x00007ffc87020000 - 0x00007ffc87032000 	C:\WINDOWS\SYSTEM32\kernel.appcore.dll
0x00007ffc78b80000 - 0x00007ffc78b8a000 	c:\Users\dell\.vscode\extensions\redhat.java-1.7.0-win32-x64\jre\17.0.3-win32-x86_64\bin\jimage.dll
0x00007ffc86d00000 - 0x00007ffc86ee4000 	C:\WINDOWS\SYSTEM32\DBGHELP.DLL
0x00007ffc80180000 - 0x00007ffc801ac000 	C:\WINDOWS\SYSTEM32\dbgcore.DLL
0x00007ffc88e00000 - 0x00007ffc88e82000 	C:\WINDOWS\System32\bcryptPrimitives.dll
0x00007ffc4d540000 - 0x00007ffc4d565000 	c:\Users\dell\.vscode\extensions\redhat.java-1.7.0-win32-x64\jre\17.0.3-win32-x86_64\bin\java.dll
0x00007ffc5bdc0000 - 0x00007ffc5bdd8000 	c:\Users\dell\.vscode\extensions\redhat.java-1.7.0-win32-x64\jre\17.0.3-win32-x86_64\bin\zip.dll
0x00007ffc89db0000 - 0x00007ffc8a4f4000 	C:\WINDOWS\System32\SHELL32.dll
0x00007ffc86490000 - 0x00007ffc86c24000 	C:\WINDOWS\SYSTEM32\windows.storage.dll
0x00007ffc89410000 - 0x00007ffc89764000 	C:\WINDOWS\System32\combase.dll
0x00007ffc88150000 - 0x00007ffc8817c000 	C:\WINDOWS\SYSTEM32\Wldp.dll
0x00007ffc89cf0000 - 0x00007ffc89d9d000 	C:\WINDOWS\System32\SHCORE.dll
0x00007ffc890a0000 - 0x00007ffc890f5000 	C:\WINDOWS\System32\shlwapi.dll
0x00007ffc886a0000 - 0x00007ffc886bf000 	C:\WINDOWS\SYSTEM32\profapi.dll
0x00007ffc57570000 - 0x00007ffc57589000 	C:\Users\dell\.vscode\extensions\redhat.java-1.7.0-win32-x64\jre\17.0.3-win32-x86_64\bin\net.dll
0x00007ffc78d90000 - 0x00007ffc78e9a000 	C:\WINDOWS\SYSTEM32\WINHTTP.dll
0x00007ffc87e50000 - 0x00007ffc87eba000 	C:\WINDOWS\system32\mswsock.dll
0x00007ffc531e0000 - 0x00007ffc531f5000 	C:\Users\dell\.vscode\extensions\redhat.java-1.7.0-win32-x64\jre\17.0.3-win32-x86_64\bin\nio.dll
0x00007ffc826f0000 - 0x00007ffc82700000 	c:\Users\dell\.vscode\extensions\redhat.java-1.7.0-win32-x64\jre\17.0.3-win32-x86_64\bin\verify.dll
0x00007ffc83b60000 - 0x00007ffc83b69000 	C:\Users\dell\.vscode\extensions\redhat.java-1.7.0-win32-x64\jre\17.0.3-win32-x86_64\bin\management.dll
0x00007ffc83a90000 - 0x00007ffc83a9b000 	C:\Users\dell\.vscode\extensions\redhat.java-1.7.0-win32-x64\jre\17.0.3-win32-x86_64\bin\management_ext.dll
0x00007ffc6e3b0000 - 0x00007ffc6e3c7000 	C:\WINDOWS\system32\napinsp.dll
0x00007ffc6e390000 - 0x00007ffc6e3ab000 	C:\WINDOWS\system32\pnrpnsp.dll
0x00007ffc6e370000 - 0x00007ffc6e385000 	C:\WINDOWS\system32\wshbth.dll
0x00007ffc83a70000 - 0x00007ffc83a8d000 	C:\WINDOWS\system32\NLAapi.dll
0x00007ffc87b40000 - 0x00007ffc87b7b000 	C:\WINDOWS\SYSTEM32\IPHLPAPI.DLL
0x00007ffc87b80000 - 0x00007ffc87c4b000 	C:\WINDOWS\SYSTEM32\DNSAPI.dll
0x00007ffc8a980000 - 0x00007ffc8a988000 	C:\WINDOWS\System32\NSI.dll
0x00007ffc6e280000 - 0x00007ffc6e292000 	C:\WINDOWS\System32\winrnr.dll
0x00007ffc78340000 - 0x00007ffc7834a000 	C:\Windows\System32\rasadhlp.dll
0x00007ffc789c0000 - 0x00007ffc78a40000 	C:\WINDOWS\System32\fwpuclnt.dll
0x00007ffc89070000 - 0x00007ffc89097000 	C:\WINDOWS\System32\bcrypt.dll
0x00007ffc880a0000 - 0x00007ffc880b8000 	C:\WINDOWS\SYSTEM32\CRYPTSP.dll
0x00007ffc877d0000 - 0x00007ffc87804000 	C:\WINDOWS\system32\rsaenh.dll
0x00007ffc88660000 - 0x00007ffc8868e000 	C:\WINDOWS\SYSTEM32\USERENV.dll
0x00007ffc880c0000 - 0x00007ffc880cc000 	C:\WINDOWS\SYSTEM32\CRYPTBASE.dll
0x00007ffc80080000 - 0x00007ffc80097000 	C:\WINDOWS\SYSTEM32\dhcpcsvc6.DLL
0x00007ffc80ee0000 - 0x00007ffc80efd000 	C:\WINDOWS\SYSTEM32\dhcpcsvc.DLL

dbghelp: loaded successfully - version: 4.0.5 - missing functions: none
symbol engine: initialized successfully - sym options: 0x614 - pdb path: .;c:\Users\dell\.vscode\extensions\redhat.java-1.7.0-win32-x64\jre\17.0.3-win32-x86_64\bin;C:\WINDOWS\SYSTEM32;C:\Program Files\Avast Software\Avast;C:\WINDOWS\WinSxS\amd64_microsoft.windows.common-controls_6595b64144ccf1df_6.0.19041.1110_none_60b5254171f9507e;c:\Users\dell\.vscode\extensions\redhat.java-1.7.0-win32-x64\jre\17.0.3-win32-x86_64\bin\server

VM Arguments:
jvm_args: -Dsts.lsp.client=vscode -Dsts.log.file=/dev/null -XX:TieredStopAtLevel=1 -Dspring.config.location=file:c:\Users\dell\.vscode\extensions\pivotal.vscode-spring-boot-1.33.0\language-server\BOOT-INF\classes\application.properties 
java_command: org.springframework.ide.vscode.boot.app.BootLanguageServerBootApp
java_class_path (initial): c:\Users\dell\.vscode\extensions\pivotal.vscode-spring-boot-1.33.0\language-server\BOOT-INF\classes;c:\Users\dell\.vscode\extensions\pivotal.vscode-spring-boot-1.33.0\language-server\BOOT-INF\lib\antlr4-runtime-4.5.3.jar;c:\Users\dell\.vscode\extensions\pivotal.vscode-spring-boot-1.33.0\language-server\BOOT-INF\lib\byte-buddy-1.10.18.jar;c:\Users\dell\.vscode\extensions\pivotal.vscode-spring-boot-1.33.0\language-server\BOOT-INF\lib\commons-codec-1.14.jar;c:\Users\dell\.vscode\extensions\pivotal.vscode-spring-boot-1.33.0\language-server\BOOT-INF\lib\commons-io-2.4.jar;c:\Users\dell\.vscode\extensions\pivotal.vscode-spring-boot-1.33.0\language-server\BOOT-INF\lib\commons-java-1.33.0-SNAPSHOT.jar;c:\Users\dell\.vscode\extensions\pivotal.vscode-spring-boot-1.33.0\language-server\BOOT-INF\lib\commons-lang3-3.10.jar;c:\Users\dell\.vscode\extensions\pivotal.vscode-spring-boot-1.33.0\language-server\BOOT-INF\lib\commons-language-server-1.33.0-SNAPSHOT.jar;c:\Users\dell\.vscode\extensions\pivotal.vscode-spring-boot-1.33.0\language-server\BOOT-INF\lib\commons-lsp-extensions-1.33.0-SNAPSHOT.jar;c:\Users\dell\.vscode\extensions\pivotal.vscode-spring-boot-1.33.0\language-server\BOOT-INF\lib\commons-util-1.33.0-SNAPSHOT.jar;c:\Users\dell\.vscode\extensions\pivotal.vscode-spring-boot-1.33.0\language-server\BOOT-INF\lib\commons-yaml-1.33.0-SNAPSHOT.jar;c:\Users\dell\.vscode\extensions\pivotal.vscode-spring-boot-1.33.0\language-server\BOOT-INF\lib\gson-2.8.6.jar;c:\Users\dell\.vscode\extensions\pivotal.vscode-spring-boot-1.33.0\language-server\BOOT-INF\lib\guava-19.0.jar;c:\Users\dell\.vscode\extensions\pivotal.vscode-spring-boot-1.33.0\language-server\BOOT-INF\lib\jakarta.annotation-api-1.3.5.jar;c:\Users\dell\.vscode\extensions\pivotal.vscode-spring-boot-1.33.0\language-server\BOOT-INF\lib\jandex-2.0.5.Final.jar;c:\Users\dell\.vscode\extensions\pivotal.vscode-spring-boot-1.33.0\language-server\BOOT-INF\lib\java-properties-1.33.0-SNAPSHOT.jar;c:\Users\d
Launcher Type: SUN_STANDARD

[Global flags]
     intx CICompilerCount                          = 3                                         {product} {ergonomic}
     uint ConcGCThreads                            = 1                                         {product} {ergonomic}
     uint G1ConcRefinementThreads                  = 4                                         {product} {ergonomic}
   size_t G1HeapRegionSize                         = 1048576                                   {product} {ergonomic}
    uintx GCDrainStackTargetSize                   = 64                                        {product} {ergonomic}
   size_t InitialHeapSize                          = 134217728                                 {product} {ergonomic}
   size_t MarkStackSize                            = 4194304                                   {product} {ergonomic}
   size_t MaxHeapSize                              = 2116026368                                {product} {ergonomic}
   size_t MaxNewSize                               = 1268776960                                {product} {ergonomic}
   size_t MinHeapDeltaBytes                        = 1048576                                   {product} {ergonomic}
   size_t MinHeapSize                              = 8388608                                   {product} {ergonomic}
    uintx NonProfiledCodeHeapSize                  = 0                                      {pd product} {ergonomic}
     bool ProfileInterpreter                       = false                                  {pd product} {command line}
    uintx ProfiledCodeHeapSize                     = 0                                      {pd product} {ergonomic}
   size_t SoftMaxHeapSize                          = 2116026368                             {manageable} {ergonomic}
     intx TieredStopAtLevel                        = 1                                         {product} {command line}
     bool UseCompressedClassPointers               = true                           {product lp64_product} {ergonomic}
     bool UseCompressedOops                        = true                           {product lp64_product} {ergonomic}
     bool UseG1GC                                  = true                                      {product} {ergonomic}
     bool UseLargePagesIndividualAllocation        = false                                  {pd product} {ergonomic}

Logging:
Log output configuration:
 #0: stdout all=warning uptime,level,tags
 #1: stderr all=off uptime,level,tags

Environment Variables:
PATH=C:\Program Files\Common Files\Oracle\Java\javapath;C:\Python310\Scripts\;C:\Python310\;C:\Program Files (x86)\Common Files\Oracle\Java\javapath;C:\WINDOWS\system32;C:\WINDOWS;C:\WINDOWS\System32\Wbem;C:\WINDOWS\System32\WindowsPowerShell\v1.0\;C:\WINDOWS\System32\OpenSSH\;C:\development\flutter\bin;C:\Program Files (x86)\Intel\Intel(R) Management Engine Components\DAL;C:\Program Files\Intel\Intel(R) Management Engine Components\DAL;C:\Program Files\Git\cmd;C:\ProgramData\chocolatey\bin;C:\Program Files\nodejs\;C:\Program Files\dotnet\;C:\Program Files\Java\jdk-18\bin;C:\Program Files\Microsoft SQL Server\150\Tools\Binn\;C:\Program Files\Microsoft SQL Server\Client SDK\ODBC\170\Tools\Binn\;C:\Program Files\MySQL\MySQL Shell 8.0\bin\;C:\Users\dell\AppData\Local\Programs\Python\Python39\Scripts\;C:\Users\dell\AppData\Local\Programs\Python\Python39\;C:\Users\dell\AppData\Local\Microsoft\WindowsApps;C:\Users\dell\AppData\Local\JetBrains\IntelliJ IDEA Community Edition 2020.3\bin;;C:\Users\dell\AppData\Local\Programs\Microsoft VS Code\bin;C:\development\flutter\bin;C:\development\flutter\bin\cache\dart-sdk\bin;C:\Users\dell\AppData\Roaming\npm;C:\Program Files\Java\jdk-18\bin;C:\Users\dell\.dotnet\tools
USERNAME=dell
OS=Windows_NT
PROCESSOR_IDENTIFIER=Intel64 Family 6 Model 142 Stepping 9, GenuineIntel



---------------  S Y S T E M  ---------------

OS:
 Windows 10 , 64 bit Build 19041 (10.0.19041.1706)
OS uptime: 6 days 1:37 hours

CPU: total 4 (initial active 4) (2 cores per cpu, 2 threads per core) family 6 model 142 stepping 9 microcode 0xf0, cx8, cmov, fxsr, ht, mmx, 3dnowpref, sse, sse2, sse3, ssse3, sse4.1, sse4.2, popcnt, lzcnt, tsc, tscinvbit, avx, avx2, aes, erms, clmul, bmi1, bmi2, adx, fma, vzeroupper, clflush, clflushopt

Memory: 4k page, system-wide physical 8066M (587M free)
TotalPageFile size 32642M (AvailPageFile size 0M)
current process WorkingSet (physical memory assigned to process): 40M, peak: 115M
current process commit charge ("private bytes"): 138M, peak: 220M

vm_info: OpenJDK 64-Bit Server VM (17.0.3+7) for windows-amd64 JRE (17.0.3+7), built on Apr 19 2022 16:55:35 by "" with MS VC++ 16.7 (VS2019)

END.
